<?xml version="1.0" encoding="UTF-8"?>
<testng-results ignored="0" total="1" passed="1" failed="0" skipped="0">
  <reporter-output>
  </reporter-output>
  <suite started-at="2022-11-03T14:14:33 IST" name="Default suite" finished-at="2022-11-03T14:14:36 IST" duration-ms="2448">
    <groups>
    </groups>
    <test started-at="2022-11-03T14:14:33 IST" name="Default test" finished-at="2022-11-03T14:14:36 IST" duration-ms="2448">
      <class name="create_new_customer.test3">
        <test-method signature="tc003()[pri:0, instance:create_new_customer.test3@16ec5519]" started-at="2022-11-03T14:14:33 IST" name="tc003" finished-at="2022-11-03T14:14:36 IST" duration-ms="2411" status="PASS">
          <reporter-output>
          </reporter-output>
        </test-method> <!-- tc003 -->
      </class> <!-- create_new_customer.test3 -->
    </test> <!-- Default test -->
  </suite> <!-- Default suite -->
</testng-results>
